[debug] [2021-09-18T15:27:36.934Z] ----------------------------------------------------------------------
[debug] [2021-09-18T15:27:36.936Z] Command:       /Users/masakiyoshito/.nodebrew/node/v14.15.4/bin/node /Users/masakiyoshito/.nodebrew/current/bin/firebase serve
[debug] [2021-09-18T15:27:36.936Z] CLI Version:   9.16.5
[debug] [2021-09-18T15:27:36.936Z] Platform:      darwin
[debug] [2021-09-18T15:27:36.936Z] Node Version:  v14.15.4
[debug] [2021-09-18T15:27:36.937Z] Time:          Sun Sep 19 2021 00:27:36 GMT+0900 (日本標準時)
[debug] [2021-09-18T15:27:36.937Z] ----------------------------------------------------------------------
[debug] 
[debug] [2021-09-18T15:27:36.989Z] > command requires scopes: ["email","openid","https://www.googleapis.com/auth/cloudplatformprojects.readonly","https://www.googleapis.com/auth/firebase","https://www.googleapis.com/auth/cloud-platform"]
[debug] [2021-09-18T15:27:36.990Z] > authorizing via signed-in user (tenngachayamasaki2@gmail.com)
[debug] [2021-09-18T15:27:36.990Z] [iam] checking project nanituku-app for permissions ["firebase.projects.get"]
[debug] [2021-09-18T15:27:36.992Z] >>> HTTP REQUEST POST https://cloudresourcemanager.googleapis.com/v1/projects/nanituku-app:testIamPermissions  
 {"permissions":["firebase.projects.get"]}
[debug] [2021-09-18T15:27:37.750Z] <<< HTTP RESPONSE 200 {"content-type":"application/json; charset=UTF-8","vary":"X-Origin, Referer, Origin,Accept-Encoding","date":"Sat, 18 Sep 2021 15:27:37 GMT","server":"ESF","cache-control":"private","x-xss-protection":"0","x-frame-options":"SAMEORIGIN","x-content-type-options":"nosniff","server-timing":"gfet4t7; dur=581","alt-svc":"h3=\":443\"; ma=2592000,h3-29=\":443\"; ma=2592000,h3-T051=\":443\"; ma=2592000,h3-Q050=\":443\"; ma=2592000,h3-Q046=\":443\"; ma=2592000,h3-Q043=\":443\"; ma=2592000,quic=\":443\"; ma=2592000; v=\"46,43\"","accept-ranges":"none","transfer-encoding":"chunked"}
[debug] [2021-09-18T15:27:37.752Z] > refreshing access token with scopes: []
[debug] [2021-09-18T15:27:37.753Z] >>> HTTP REQUEST POST https://www.googleapis.com/oauth2/v3/token  
 <request body omitted>
[debug] [2021-09-18T15:27:37.923Z] <<< HTTP RESPONSE 200 {"pragma":"no-cache","date":"Sat, 18 Sep 2021 15:27:37 GMT","cache-control":"no-cache, no-store, max-age=0, must-revalidate","expires":"Mon, 01 Jan 1990 00:00:00 GMT","content-type":"application/json; charset=utf-8","vary":"X-Origin, Referer, Origin,Accept-Encoding","server":"scaffolding on HTTPServer2","x-xss-protection":"0","x-frame-options":"SAMEORIGIN","x-content-type-options":"nosniff","alt-svc":"h3=\":443\"; ma=2592000,h3-29=\":443\"; ma=2592000,h3-T051=\":443\"; ma=2592000,h3-Q050=\":443\"; ma=2592000,h3-Q046=\":443\"; ma=2592000,h3-Q043=\":443\"; ma=2592000,quic=\":443\"; ma=2592000; v=\"46,43\"","accept-ranges":"none","transfer-encoding":"chunked"}
[debug] [2021-09-18T15:27:37.954Z] >>> [apiv2][query] GET https://firebase.googleapis.com/v1beta1/projects/nanituku-app [none]
[debug] [2021-09-18T15:27:38.433Z] <<< [apiv2][status] GET https://firebase.googleapis.com/v1beta1/projects/nanituku-app 200
[debug] [2021-09-18T15:27:38.433Z] <<< [apiv2][body] GET https://firebase.googleapis.com/v1beta1/projects/nanituku-app {"projectId":"nanituku-app","projectNumber":"632078258669","displayName":"nanituku-app","name":"projects/nanituku-app","resources":{"hostingSite":"nanituku-app","storageBucket":"nanituku-app.appspot.com","locationId":"asia-northeast1"},"state":"ACTIVE"}
[info] 
[info] === Serving from '/Users/masakiyoshito/Documents/masaki_jisaku_site/nanituku_app'...
[info] 
[debug] [2021-09-18T15:27:38.435Z] >>> [apiv2][query] GET https://firebasehosting.googleapis.com/v1beta1/projects/nanituku-app/sites 
[debug] [2021-09-18T15:27:41.502Z] <<< [apiv2][status] GET https://firebasehosting.googleapis.com/v1beta1/projects/nanituku-app/sites 200
[debug] [2021-09-18T15:27:41.502Z] <<< [apiv2][body] GET https://firebasehosting.googleapis.com/v1beta1/projects/nanituku-app/sites {"sites":[{"name":"projects/632078258669/sites/nanituku-app","defaultUrl":"https://nanituku-app.web.app","type":"DEFAULT_SITE"}]}
[debug] [2021-09-18T15:27:41.503Z] >>> [apiv2][query] GET https://firebase.googleapis.com/v1beta1/projects/nanituku-app/webApps/-/config [none]
[debug] [2021-09-18T15:27:42.965Z] <<< [apiv2][status] GET https://firebase.googleapis.com/v1beta1/projects/nanituku-app/webApps/-/config 200
[debug] [2021-09-18T15:27:42.965Z] <<< [apiv2][body] GET https://firebase.googleapis.com/v1beta1/projects/nanituku-app/webApps/-/config {"projectId":"nanituku-app","appId":"1:632078258669:web:02e3b6deb2e18697db17e4","storageBucket":"nanituku-app.appspot.com","locationId":"asia-northeast1","apiKey":"AIzaSyBFQq4uqy8vYRZluIg5vBT2SvzBhqjFeCg","authDomain":"nanituku-app.firebaseapp.com","messagingSenderId":"632078258669"}
[info] i  hosting: Serving hosting files from: build {"metadata":{"emulator":{"name":"hosting"},"message":"Serving hosting files from: \u001b[1mbuild\u001b[22m"}}
[info] ✔  hosting: Local server: http://localhost:5000 {"metadata":{"emulator":{"name":"hosting"},"message":"Local server: \u001b[4m\u001b[1mhttp://localhost:5000\u001b[22m\u001b[24m"}}
[info] i  hosting: ::1 - - [18/Sep/2021:15:27:52 +0000] "GET / HTTP/1.1" 200 2232 "-" "Mozilla/5.0 (Macintosh; Intel Mac OS X 10_14_6) AppleWebKit/537.36 (KHTML, like Gecko) Chrome/92.0.4515.159 Safari/537.36" {"metadata":{"emulator":{"name":"hosting"},"message":"::1 - - [18/Sep/2021:15:27:52 +0000] \"GET / HTTP/1.1\" 200 2232 \"-\" \"Mozilla/5.0 (Macintosh; Intel Mac OS X 10_14_6) AppleWebKit/537.36 (KHTML, like Gecko) Chrome/92.0.4515.159 Safari/537.36\""}}
[info] i  hosting: ::1 - - [18/Sep/2021:15:27:52 +0000] "GET /static/css/main.0bd0f8e4.chunk.css HTTP/1.1" 200 362 "http://localhost:5000/" "Mozilla/5.0 (Macintosh; Intel Mac OS X 10_14_6) AppleWebKit/537.36 (KHTML, like Gecko) Chrome/92.0.4515.159 Safari/537.36" {"metadata":{"emulator":{"name":"hosting"},"message":"::1 - - [18/Sep/2021:15:27:52 +0000] \"GET /static/css/main.0bd0f8e4.chunk.css HTTP/1.1\" 200 362 \"http://localhost:5000/\" \"Mozilla/5.0 (Macintosh; Intel Mac OS X 10_14_6) AppleWebKit/537.36 (KHTML, like Gecko) Chrome/92.0.4515.159 Safari/537.36\""}}
[info] i  hosting: ::1 - - [18/Sep/2021:15:27:52 +0000] "GET /static/js/2.549d9dfd.chunk.js HTTP/1.1" 200 131270 "http://localhost:5000/" "Mozilla/5.0 (Macintosh; Intel Mac OS X 10_14_6) AppleWebKit/537.36 (KHTML, like Gecko) Chrome/92.0.4515.159 Safari/537.36" {"metadata":{"emulator":{"name":"hosting"},"message":"::1 - - [18/Sep/2021:15:27:52 +0000] \"GET /static/js/2.549d9dfd.chunk.js HTTP/1.1\" 200 131270 \"http://localhost:5000/\" \"Mozilla/5.0 (Macintosh; Intel Mac OS X 10_14_6) AppleWebKit/537.36 (KHTML, like Gecko) Chrome/92.0.4515.159 Safari/537.36\""}}
[info] i  hosting: ::1 - - [18/Sep/2021:15:27:52 +0000] "GET /static/js/main.4f55e4c0.chunk.js HTTP/1.1" 200 452 "http://localhost:5000/" "Mozilla/5.0 (Macintosh; Intel Mac OS X 10_14_6) AppleWebKit/537.36 (KHTML, like Gecko) Chrome/92.0.4515.159 Safari/537.36" {"metadata":{"emulator":{"name":"hosting"},"message":"::1 - - [18/Sep/2021:15:27:52 +0000] \"GET /static/js/main.4f55e4c0.chunk.js HTTP/1.1\" 200 452 \"http://localhost:5000/\" \"Mozilla/5.0 (Macintosh; Intel Mac OS X 10_14_6) AppleWebKit/537.36 (KHTML, like Gecko) Chrome/92.0.4515.159 Safari/537.36\""}}
[info] i  hosting: ::1 - - [18/Sep/2021:15:27:52 +0000] "GET /manifest.json HTTP/1.1" 200 492 "http://localhost:5000/" "Mozilla/5.0 (Macintosh; Intel Mac OS X 10_14_6) AppleWebKit/537.36 (KHTML, like Gecko) Chrome/92.0.4515.159 Safari/537.36" {"metadata":{"emulator":{"name":"hosting"},"message":"::1 - - [18/Sep/2021:15:27:52 +0000] \"GET /manifest.json HTTP/1.1\" 200 492 \"http://localhost:5000/\" \"Mozilla/5.0 (Macintosh; Intel Mac OS X 10_14_6) AppleWebKit/537.36 (KHTML, like Gecko) Chrome/92.0.4515.159 Safari/537.36\""}}
[info] i  hosting: ::1 - - [18/Sep/2021:15:27:52 +0000] "GET /favicon.ico HTTP/1.1" 200 3870 "http://localhost:5000/" "Mozilla/5.0 (Macintosh; Intel Mac OS X 10_14_6) AppleWebKit/537.36 (KHTML, like Gecko) Chrome/92.0.4515.159 Safari/537.36" {"metadata":{"emulator":{"name":"hosting"},"message":"::1 - - [18/Sep/2021:15:27:52 +0000] \"GET /favicon.ico HTTP/1.1\" 200 3870 \"http://localhost:5000/\" \"Mozilla/5.0 (Macintosh; Intel Mac OS X 10_14_6) AppleWebKit/537.36 (KHTML, like Gecko) Chrome/92.0.4515.159 Safari/537.36\""}}
[info] i  hosting: ::1 - - [18/Sep/2021:15:27:52 +0000] "GET /logo192.png HTTP/1.1" 200 5347 "http://localhost:5000/" "Mozilla/5.0 (Macintosh; Intel Mac OS X 10_14_6) AppleWebKit/537.36 (KHTML, like Gecko) Chrome/92.0.4515.159 Safari/537.36" {"metadata":{"emulator":{"name":"hosting"},"message":"::1 - - [18/Sep/2021:15:27:52 +0000] \"GET /logo192.png HTTP/1.1\" 200 5347 \"http://localhost:5000/\" \"Mozilla/5.0 (Macintosh; Intel Mac OS X 10_14_6) AppleWebKit/537.36 (KHTML, like Gecko) Chrome/92.0.4515.159 Safari/537.36\""}}
